{"numFailedTestSuites":0,"numFailedTests":0,"numPassedTestSuites":3,"numPassedTests":63,"numPendingTestSuites":0,"numPendingTests":0,"numRuntimeErrorTestSuites":0,"numTodoTests":0,"numTotalTestSuites":3,"numTotalTests":63,"openHandles":[],"snapshot":{"added":0,"didUpdate":false,"failure":false,"filesAdded":0,"filesRemoved":0,"filesRemovedList":[],"filesUnmatched":0,"filesUpdated":0,"matched":0,"total":0,"unchecked":0,"uncheckedKeysByFile":[],"unmatched":0,"updated":0},"startTime":1782315425578,"success":true,"testResults":[{"assertionResults":[{"ancestorTitles":["parseLocation() — Normalización del input de búsqueda"],"duration":1,"failing":false,"failureDetails":[],"failureMessages":[],"fullName":"parseLocation() — Normalización del input de búsqueda extrae y capitaliza la ciudad desde \"Ciudad, País\"","invocations":1,"location":null,"numPassingAsserts":1,"retryReasons":[],"startAt":1782315425823,"status":"passed","title":"extrae y capitaliza la ciudad desde \"Ciudad, País\""},{"ancestorTitles":["parseLocation() — Normalización del input de búsqueda"],"duration":0,"failing":false,"failureDetails":[],"failureMessages":[],"fullName":"parseLocation() — Normalización del input de búsqueda devuelve solo la ciudad cuando no hay parte de país","invocations":1,"location":null,"numPassingAsserts":1,"retryReasons":[],"startAt":1782315425825,"status":"passed","title":"devuelve solo la ciudad cuando no hay parte de país"},{"ancestorTitles":["parseLocation() — Normalización del input de búsqueda"],"duration":0,"failing":false,"failureDetails":[],"failureMessages":[],"fullName":"parseLocation() — Normalización del input de búsqueda traduce nombres de ciudades en español a inglés (Nueva York → New York)","invocations":1,"location":null,"numPassingAsserts":1,"retryReasons":[],"startAt":1782315425825,"status":"passed","title":"traduce nombres de ciudades en español a inglés (Nueva York → New York)"},{"ancestorTitles":["parseLocation() — Normalización del input de búsqueda"],"duration":0,"failing":false,"failureDetails":[],"failureMessages":[],"fullName":"parseLocation() — Normalización del input de búsqueda traduce \"Ciudad de México\" a \"Mexico City\"","invocations":1,"location":null,"numPassingAsserts":1,"retryReasons":[],"startAt":1782315425825,"status":"passed","title":"traduce \"Ciudad de México\" a \"Mexico City\""},{"ancestorTitles":["parseLocation() — Normalización del input de búsqueda"],"duration":0,"failing":false,"failureDetails":[],"failureMessages":[],"fullName":"parseLocation() — Normalización del input de búsqueda traduce \"Rio de Janeiro\" correctamente","invocations":1,"location":null,"numPassingAsserts":1,"retryReasons":[],"startAt":1782315425826,"status":"passed","title":"traduce \"Rio de Janeiro\" correctamente"},{"ancestorTitles":["parseLocation() — Normalización del input de búsqueda"],"duration":0,"failing":false,"failureDetails":[],"failureMessages":[],"fullName":"parseLocation() — Normalización del input de búsqueda traduce el país de español a inglés (España → Spain)","invocations":1,"location":null,"numPassingAsserts":1,"retryReasons":[],"startAt":1782315425826,"status":"passed","title":"traduce el país de español a inglés (España → Spain)"},{"ancestorTitles":["parseLocation() — Normalización del input de búsqueda"],"duration":0,"failing":false,"failureDetails":[],"failureMessages":[],"fullName":"parseLocation() — Normalización del input de búsqueda traduce \"Alemania\" a \"Germany\"","invocations":1,"location":null,"numPassingAsserts":1,"retryReasons":[],"startAt":1782315425826,"status":"passed","title":"traduce \"Alemania\" a \"Germany\""},{"ancestorTitles":["parseLocation() — Normalización del input de búsqueda"],"duration":0,"failing":false,"failureDetails":[],"failureMessages":[],"fullName":"parseLocation() — Normalización del input de búsqueda traduce \"Francia\" a \"France\" (preserva tilde del input original)","invocations":1,"location":null,"numPassingAsserts":1,"retryReasons":[],"startAt":1782315425826,"status":"passed","title":"traduce \"Francia\" a \"France\" (preserva tilde del input original)"},{"ancestorTitles":["parseLocation() — Normalización del input de búsqueda"],"duration":0,"failing":false,"failureDetails":[],"failureMessages":[],"fullName":"parseLocation() — Normalización del input de búsqueda elimina espacios extra alrededor de ciudad y país","invocations":1,"location":null,"numPassingAsserts":1,"retryReasons":[],"startAt":1782315425826,"status":"passed","title":"elimina espacios extra alrededor de ciudad y país"},{"ancestorTitles":["parseLocation() — Normalización del input de búsqueda"],"duration":0,"failing":false,"failureDetails":[],"failureMessages":[],"fullName":"parseLocation() — Normalización del input de búsqueda devuelve string vacío si el input está vacío","invocations":1,"location":null,"numPassingAsserts":2,"retryReasons":[],"startAt":1782315425827,"status":"passed","title":"devuelve string vacío si el input está vacío"}],"endTime":1782315425827,"message":"","name":"/Users/leidyspimentel/AI-Builder/weather-dashboard/__tests__/utils/parseLocation.test.js","startTime":1782315425673,"status":"passed","summary":""},{"assertionResults":[{"ancestorTitles":["normalizeWeatherData() — Normalización de la respuesta de la API"],"duration":1,"failing":false,"failureDetails":[],"failureMessages":[],"fullName":"normalizeWeatherData() — Normalización de la respuesta de la API extrae el nombre de la ciudad sin modificarlo","invocations":1,"location":null,"numPassingAsserts":1,"retryReasons":[],"startAt":1782315425848,"status":"passed","title":"extrae el nombre de la ciudad sin modificarlo"},{"ancestorTitles":["normalizeWeatherData() — Normalización de la respuesta de la API"],"duration":0,"failing":false,"failureDetails":[],"failureMessages":[],"fullName":"normalizeWeatherData() — Normalización de la respuesta de la API convierte el country_code a mayúsculas (es → ES)","invocations":1,"location":null,"numPassingAsserts":1,"retryReasons":[],"startAt":1782315425849,"status":"passed","title":"convierte el country_code a mayúsculas (es → ES)"},{"ancestorTitles":["normalizeWeatherData() — Normalización de la respuesta de la API"],"duration":0,"failing":false,"failureDetails":[],"failureMessages":[],"fullName":"normalizeWeatherData() — Normalización de la respuesta de la API redondea la temperatura actual al entero más cercano","invocations":1,"location":null,"numPassingAsserts":1,"retryReasons":[],"startAt":1782315425849,"status":"passed","title":"redondea la temperatura actual al entero más cercano"},{"ancestorTitles":["normalizeWeatherData() — Normalización de la respuesta de la API"],"duration":0,"failing":false,"failureDetails":[],"failureMessages":[],"fullName":"normalizeWeatherData() — Normalización de la respuesta de la API redondea la sensación térmica al entero más cercano","invocations":1,"location":null,"numPassingAsserts":1,"retryReasons":[],"startAt":1782315425849,"status":"passed","title":"redondea la sensación térmica al entero más cercano"},{"ancestorTitles":["normalizeWeatherData() — Normalización de la respuesta de la API"],"duration":0,"failing":false,"failureDetails":[],"failureMessages":[],"fullName":"normalizeWeatherData() — Normalización de la respuesta de la API convierte is_day=1 (número) a true (booleano)","invocations":1,"location":null,"numPassingAsserts":1,"retryReasons":[],"startAt":1782315425849,"status":"passed","title":"convierte is_day=1 (número) a true (booleano)"},{"ancestorTitles":["normalizeWeatherData() — Normalización de la respuesta de la API"],"duration":0,"failing":false,"failureDetails":[],"failureMessages":[],"fullName":"normalizeWeatherData() — Normalización de la respuesta de la API convierte is_day=0 (número) a false (booleano)","invocations":1,"location":null,"numPassingAsserts":1,"retryReasons":[],"startAt":1782315425849,"status":"passed","title":"convierte is_day=0 (número) a false (booleano)"},{"ancestorTitles":["normalizeWeatherData() — Normalización de la respuesta de la API"],"duration":1,"failing":false,"failureDetails":[],"failureMessages":[],"fullName":"normalizeWeatherData() — Normalización de la respuesta de la API asigna la descripción correcta al código WMO 0 (cielo despejado)","invocations":1,"location":null,"numPassingAsserts":1,"retryReasons":[],"startAt":1782315425849,"status":"passed","title":"asigna la descripción correcta al código WMO 0 (cielo despejado)"},{"ancestorTitles":["normalizeWeatherData() — Normalización de la respuesta de la API"],"duration":0,"failing":false,"failureDetails":[],"failureMessages":[],"fullName":"normalizeWeatherData() — Normalización de la respuesta de la API asigna descripción correcta al código WMO 61 (lluvia ligera)","invocations":1,"location":null,"numPassingAsserts":1,"retryReasons":[],"startAt":1782315425850,"status":"passed","title":"asigna descripción correcta al código WMO 61 (lluvia ligera)"},{"ancestorTitles":["normalizeWeatherData() — Normalización de la respuesta de la API"],"duration":0,"failing":false,"failureDetails":[],"failureMessages":[],"fullName":"normalizeWeatherData() — Normalización de la respuesta de la API asigna descripción correcta al código WMO 95 (tormenta eléctrica)","invocations":1,"location":null,"numPassingAsserts":1,"retryReasons":[],"startAt":1782315425850,"status":"passed","title":"asigna descripción correcta al código WMO 95 (tormenta eléctrica)"},{"ancestorTitles":["normalizeWeatherData() — Normalización de la respuesta de la API"],"duration":0,"failing":false,"failureDetails":[],"failureMessages":[],"fullName":"normalizeWeatherData() — Normalización de la respuesta de la API usa \"Condición desconocida\" para códigos WMO no reconocidos","invocations":1,"location":null,"numPassingAsserts":1,"retryReasons":[],"startAt":1782315425850,"status":"passed","title":"usa \"Condición desconocida\" para códigos WMO no reconocidos"},{"ancestorTitles":["normalizeWeatherData() — Normalización de la respuesta de la API"],"duration":0,"failing":false,"failureDetails":[],"failureMessages":[],"fullName":"normalizeWeatherData() — Normalización de la respuesta de la API incluye temperatura mínima y máxima del día redondeadas","invocations":1,"location":null,"numPassingAsserts":2,"retryReasons":[],"startAt":1782315425850,"status":"passed","title":"incluye temperatura mínima y máxima del día redondeadas"},{"ancestorTitles":["normalizeWeatherData() — Normalización de la respuesta de la API"],"duration":0,"failing":false,"failureDetails":[],"failureMessages":[],"fullName":"normalizeWeatherData() — Normalización de la respuesta de la API usa 0° como dirección de viento por defecto si no llega el dato","invocations":1,"location":null,"numPassingAsserts":1,"retryReasons":[],"startAt":1782315425850,"status":"passed","title":"usa 0° como dirección de viento por defecto si no llega el dato"},{"ancestorTitles":["normalizeWeatherData() — Normalización de la respuesta de la API"],"duration":0,"failing":false,"failureDetails":[],"failureMessages":[],"fullName":"normalizeWeatherData() — Normalización de la respuesta de la API expone null cuando la API no devuelve dato de visibilidad","invocations":1,"location":null,"numPassingAsserts":1,"retryReasons":[],"startAt":1782315425850,"status":"passed","title":"expone null cuando la API no devuelve dato de visibilidad"},{"ancestorTitles":["formatVisibility() — Formato de visibilidad para el usuario"],"duration":1,"failing":false,"failureDetails":[],"failureMessages":[],"fullName":"formatVisibility() — Formato de visibilidad para el usuario muestra en km con un decimal cuando visibilidad ≥ 1000 m","invocations":1,"location":null,"numPassingAsserts":2,"retryReasons":[],"startAt":1782315425850,"status":"passed","title":"muestra en km con un decimal cuando visibilidad ≥ 1000 m"},{"ancestorTitles":["formatVisibility() — Formato de visibilidad para el usuario"],"duration":0,"failing":false,"failureDetails":[],"failureMessages":[],"fullName":"formatVisibility() — Formato de visibilidad para el usuario muestra en metros cuando visibilidad < 1000 m","invocations":1,"location":null,"numPassingAsserts":2,"retryReasons":[],"startAt":1782315425851,"status":"passed","title":"muestra en metros cuando visibilidad < 1000 m"},{"ancestorTitles":["formatVisibility() — Formato de visibilidad para el usuario"],"duration":0,"failing":false,"failureDetails":[],"failureMessages":[],"fullName":"formatVisibility() — Formato de visibilidad para el usuario retorna \"—\" cuando no hay dato de visibilidad","invocations":1,"location":null,"numPassingAsserts":2,"retryReasons":[],"startAt":1782315425851,"status":"passed","title":"retorna \"—\" cuando no hay dato de visibilidad"},{"ancestorTitles":["validateLocationInput() — Validación de entrada del usuario"],"duration":0,"failing":false,"failureDetails":[],"failureMessages":[],"fullName":"validateLocationInput() — Validación de entrada del usuario rechaza entrada vacía (string vacío)","invocations":1,"location":null,"numPassingAsserts":2,"retryReasons":[],"startAt":1782315425851,"status":"passed","title":"rechaza entrada vacía (string vacío)"},{"ancestorTitles":["validateLocationInput() — Validación de entrada del usuario"],"duration":0,"failing":false,"failureDetails":[],"failureMessages":[],"fullName":"validateLocationInput() — Validación de entrada del usuario rechaza entrada nula o no-string","invocations":1,"location":null,"numPassingAsserts":3,"retryReasons":[],"startAt":1782315425851,"status":"passed","title":"rechaza entrada nula o no-string"},{"ancestorTitles":["validateLocationInput() — Validación de entrada del usuario"],"duration":0,"failing":false,"failureDetails":[],"failureMessages":[],"fullName":"validateLocationInput() — Validación de entrada del usuario rechaza entradas de 1 solo carácter","invocations":1,"location":null,"numPassingAsserts":2,"retryReasons":[],"startAt":1782315425851,"status":"passed","title":"rechaza entradas de 1 solo carácter"},{"ancestorTitles":["validateLocationInput() — Validación de entrada del usuario"],"duration":0,"failing":false,"failureDetails":[],"failureMessages":[],"fullName":"validateLocationInput() — Validación de entrada del usuario rechaza entradas que contienen únicamente números","invocations":1,"location":null,"numPassingAsserts":2,"retryReasons":[],"startAt":1782315425851,"status":"passed","title":"rechaza entradas que contienen únicamente números"},{"ancestorTitles":["validateLocationInput() — Validación de entrada del usuario"],"duration":0,"failing":false,"failureDetails":[],"failureMessages":[],"fullName":"validateLocationInput() — Validación de entrada del usuario rechaza entradas que superan los 100 caracteres","invocations":1,"location":null,"numPassingAsserts":1,"retryReasons":[],"startAt":1782315425852,"status":"passed","title":"rechaza entradas que superan los 100 caracteres"},{"ancestorTitles":["validateLocationInput() — Validación de entrada del usuario"],"duration":0,"failing":false,"failureDetails":[],"failureMessages":[],"fullName":"validateLocationInput() — Validación de entrada del usuario acepta un nombre de ciudad simple (formato \"Ciudad\")","invocations":1,"location":null,"numPassingAsserts":2,"retryReasons":[],"startAt":1782315425852,"status":"passed","title":"acepta un nombre de ciudad simple (formato \"Ciudad\")"},{"ancestorTitles":["validateLocationInput() — Validación de entrada del usuario"],"duration":0,"failing":false,"failureDetails":[],"failureMessages":[],"fullName":"validateLocationInput() — Validación de entrada del usuario acepta el formato \"Ciudad, País\"","invocations":1,"location":null,"numPassingAsserts":1,"retryReasons":[],"startAt":1782315425852,"status":"passed","title":"acepta el formato \"Ciudad, País\""},{"ancestorTitles":["validateLocationInput() — Validación de entrada del usuario"],"duration":0,"failing":false,"failureDetails":[],"failureMessages":[],"fullName":"validateLocationInput() — Validación de entrada del usuario elimina espacios al inicio y al final antes de validar","invocations":1,"location":null,"numPassingAsserts":2,"retryReasons":[],"startAt":1782315425852,"status":"passed","title":"elimina espacios al inicio y al final antes de validar"},{"ancestorTitles":["degreesToCardinal() — Conversión de grados a punto cardinal"],"duration":0,"failing":false,"failureDetails":[],"failureMessages":[],"fullName":"degreesToCardinal() — Conversión de grados a punto cardinal convierte 0° a Norte (N)","invocations":1,"location":null,"numPassingAsserts":1,"retryReasons":[],"startAt":1782315425852,"status":"passed","title":"convierte 0° a Norte (N)"},{"ancestorTitles":["degreesToCardinal() — Conversión de grados a punto cardinal"],"duration":0,"failing":false,"failureDetails":[],"failureMessages":[],"fullName":"degreesToCardinal() — Conversión de grados a punto cardinal convierte 90° a Este (E)","invocations":1,"location":null,"numPassingAsserts":1,"retryReasons":[],"startAt":1782315425852,"status":"passed","title":"convierte 90° a Este (E)"},{"ancestorTitles":["degreesToCardinal() — Conversión de grados a punto cardinal"],"duration":0,"failing":false,"failureDetails":[],"failureMessages":[],"fullName":"degreesToCardinal() — Conversión de grados a punto cardinal convierte 180° a Sur (S)","invocations":1,"location":null,"numPassingAsserts":1,"retryReasons":[],"startAt":1782315425852,"status":"passed","title":"convierte 180° a Sur (S)"},{"ancestorTitles":["degreesToCardinal() — Conversión de grados a punto cardinal"],"duration":0,"failing":false,"failureDetails":[],"failureMessages":[],"fullName":"degreesToCardinal() — Conversión de grados a punto cardinal convierte 220° a Suroeste (SO)","invocations":1,"location":null,"numPassingAsserts":1,"retryReasons":[],"startAt":1782315425852,"status":"passed","title":"convierte 220° a Suroeste (SO)"},{"ancestorTitles":["degreesToCardinal() — Conversión de grados a punto cardinal"],"duration":1,"failing":false,"failureDetails":[],"failureMessages":[],"fullName":"degreesToCardinal() — Conversión de grados a punto cardinal convierte 360° a Norte (N) — equivalencia circular","invocations":1,"location":null,"numPassingAsserts":1,"retryReasons":[],"startAt":1782315425852,"status":"passed","title":"convierte 360° a Norte (N) — equivalencia circular"},{"ancestorTitles":["degreesToCardinal() — Conversión de grados a punto cardinal"],"duration":0,"failing":false,"failureDetails":[],"failureMessages":[],"fullName":"degreesToCardinal() — Conversión de grados a punto cardinal retorna \"—\" cuando el dato es null o NaN","invocations":1,"location":null,"numPassingAsserts":2,"retryReasons":[],"startAt":1782315425853,"status":"passed","title":"retorna \"—\" cuando el dato es null o NaN"}],"endTime":1782315425853,"message":"","name":"/Users/leidyspimentel/AI-Builder/weather-dashboard/__tests__/services/weatherTransform.test.js","startTime":1782315425832,"status":"passed","summary":""},{"assertionResults":[{"ancestorTitles":["getWeatherTheme() — Selección de tema según condición climática"],"duration":1,"failing":false,"failureDetails":[],"failureMessages":[],"fullName":"getWeatherTheme() — Selección de tema según condición climática código 0 (despejado) de día → tema \"sunny\"","invocations":1,"location":null,"numPassingAsserts":1,"retryReasons":[],"startAt":1782315425877,"status":"passed","title":"código 0 (despejado) de día → tema \"sunny\""},{"ancestorTitles":["getWeatherTheme() — Selección de tema según condición climática"],"duration":0,"failing":false,"failureDetails":[],"failureMessages":[],"fullName":"getWeatherTheme() — Selección de tema según condición climática código 1 (principalmente despejado) de día → tema \"sunny\"","invocations":1,"location":null,"numPassingAsserts":1,"retryReasons":[],"startAt":1782315425878,"status":"passed","title":"código 1 (principalmente despejado) de día → tema \"sunny\""},{"ancestorTitles":["getWeatherTheme() — Selección de tema según condición climática"],"duration":0,"failing":false,"failureDetails":[],"failureMessages":[],"fullName":"getWeatherTheme() — Selección de tema según condición climática código 0 (despejado) de noche → tema \"night\"","invocations":1,"location":null,"numPassingAsserts":1,"retryReasons":[],"startAt":1782315425879,"status":"passed","title":"código 0 (despejado) de noche → tema \"night\""},{"ancestorTitles":["getWeatherTheme() — Selección de tema según condición climática"],"duration":0,"failing":false,"failureDetails":[],"failureMessages":[],"fullName":"getWeatherTheme() — Selección de tema según condición climática código 1 (principalmente despejado) de noche → tema \"night\"","invocations":1,"location":null,"numPassingAsserts":1,"retryReasons":[],"startAt":1782315425879,"status":"passed","title":"código 1 (principalmente despejado) de noche → tema \"night\""},{"ancestorTitles":["getWeatherTheme() — Selección de tema según condición climática"],"duration":0,"failing":false,"failureDetails":[],"failureMessages":[],"fullName":"getWeatherTheme() — Selección de tema según condición climática código 2 (parcialmente nublado) → tema \"cloudy\"","invocations":1,"location":null,"numPassingAsserts":1,"retryReasons":[],"startAt":1782315425879,"status":"passed","title":"código 2 (parcialmente nublado) → tema \"cloudy\""},{"ancestorTitles":["getWeatherTheme() — Selección de tema según condición climática"],"duration":1,"failing":false,"failureDetails":[],"failureMessages":[],"fullName":"getWeatherTheme() — Selección de tema según condición climática código 3 (nublado) → tema \"cloudy\"","invocations":1,"location":null,"numPassingAsserts":1,"retryReasons":[],"startAt":1782315425879,"status":"passed","title":"código 3 (nublado) → tema \"cloudy\""},{"ancestorTitles":["getWeatherTheme() — Selección de tema según condición climática"],"duration":0,"failing":false,"failureDetails":[],"failureMessages":[],"fullName":"getWeatherTheme() — Selección de tema según condición climática código 45 (niebla) → tema \"foggy\"","invocations":1,"location":null,"numPassingAsserts":1,"retryReasons":[],"startAt":1782315425880,"status":"passed","title":"código 45 (niebla) → tema \"foggy\""},{"ancestorTitles":["getWeatherTheme() — Selección de tema según condición climática"],"duration":0,"failing":false,"failureDetails":[],"failureMessages":[],"fullName":"getWeatherTheme() — Selección de tema según condición climática código 48 (niebla con escarcha) → tema \"foggy\"","invocations":1,"location":null,"numPassingAsserts":1,"retryReasons":[],"startAt":1782315425880,"status":"passed","title":"código 48 (niebla con escarcha) → tema \"foggy\""},{"ancestorTitles":["getWeatherTheme() — Selección de tema según condición climática"],"duration":0,"failing":false,"failureDetails":[],"failureMessages":[],"fullName":"getWeatherTheme() — Selección de tema según condición climática código 51 (llovizna ligera) → tema \"rainy\"","invocations":1,"location":null,"numPassingAsserts":1,"retryReasons":[],"startAt":1782315425880,"status":"passed","title":"código 51 (llovizna ligera) → tema \"rainy\""},{"ancestorTitles":["getWeatherTheme() — Selección de tema según condición climática"],"duration":0,"failing":false,"failureDetails":[],"failureMessages":[],"fullName":"getWeatherTheme() — Selección de tema según condición climática código 63 (lluvia moderada) → tema \"rainy\"","invocations":1,"location":null,"numPassingAsserts":1,"retryReasons":[],"startAt":1782315425880,"status":"passed","title":"código 63 (lluvia moderada) → tema \"rainy\""},{"ancestorTitles":["getWeatherTheme() — Selección de tema según condición climática"],"duration":0,"failing":false,"failureDetails":[],"failureMessages":[],"fullName":"getWeatherTheme() — Selección de tema según condición climática código 80 (chubascos ligeros) → tema \"rainy\"","invocations":1,"location":null,"numPassingAsserts":1,"retryReasons":[],"startAt":1782315425880,"status":"passed","title":"código 80 (chubascos ligeros) → tema \"rainy\""},{"ancestorTitles":["getWeatherTheme() — Selección de tema según condición climática"],"duration":1,"failing":false,"failureDetails":[],"failureMessages":[],"fullName":"getWeatherTheme() — Selección de tema según condición climática código 71 (nevada ligera) → tema \"snowy\"","invocations":1,"location":null,"numPassingAsserts":1,"retryReasons":[],"startAt":1782315425880,"status":"passed","title":"código 71 (nevada ligera) → tema \"snowy\""},{"ancestorTitles":["getWeatherTheme() — Selección de tema según condición climática"],"duration":0,"failing":false,"failureDetails":[],"failureMessages":[],"fullName":"getWeatherTheme() — Selección de tema según condición climática código 75 (nevada intensa) → tema \"snowy\"","invocations":1,"location":null,"numPassingAsserts":1,"retryReasons":[],"startAt":1782315425881,"status":"passed","title":"código 75 (nevada intensa) → tema \"snowy\""},{"ancestorTitles":["getWeatherTheme() — Selección de tema según condición climática"],"duration":0,"failing":false,"failureDetails":[],"failureMessages":[],"fullName":"getWeatherTheme() — Selección de tema según condición climática código 95 (tormenta eléctrica) → tema \"stormy\"","invocations":1,"location":null,"numPassingAsserts":1,"retryReasons":[],"startAt":1782315425881,"status":"passed","title":"código 95 (tormenta eléctrica) → tema \"stormy\""},{"ancestorTitles":["getWeatherTheme() — Selección de tema según condición climática"],"duration":0,"failing":false,"failureDetails":[],"failureMessages":[],"fullName":"getWeatherTheme() — Selección de tema según condición climática código 99 (tormenta con granizo) → tema \"stormy\"","invocations":1,"location":null,"numPassingAsserts":1,"retryReasons":[],"startAt":1782315425881,"status":"passed","title":"código 99 (tormenta con granizo) → tema \"stormy\""},{"ancestorTitles":["getWeatherIcon() — Selección de icono representativo"],"duration":0,"failing":false,"failureDetails":[],"failureMessages":[],"fullName":"getWeatherIcon() — Selección de icono representativo código 0 de día → icono ☀️","invocations":1,"location":null,"numPassingAsserts":1,"retryReasons":[],"startAt":1782315425881,"status":"passed","title":"código 0 de día → icono ☀️"},{"ancestorTitles":["getWeatherIcon() — Selección de icono representativo"],"duration":0,"failing":false,"failureDetails":[],"failureMessages":[],"fullName":"getWeatherIcon() — Selección de icono representativo código 0 de noche → icono 🌙","invocations":1,"location":null,"numPassingAsserts":1,"retryReasons":[],"startAt":1782315425881,"status":"passed","title":"código 0 de noche → icono 🌙"},{"ancestorTitles":["getWeatherIcon() — Selección de icono representativo"],"duration":0,"failing":false,"failureDetails":[],"failureMessages":[],"fullName":"getWeatherIcon() — Selección de icono representativo código 2 (parcialmente nublado) → icono ⛅","invocations":1,"location":null,"numPassingAsserts":1,"retryReasons":[],"startAt":1782315425881,"status":"passed","title":"código 2 (parcialmente nublado) → icono ⛅"},{"ancestorTitles":["getWeatherIcon() — Selección de icono representativo"],"duration":0,"failing":false,"failureDetails":[],"failureMessages":[],"fullName":"getWeatherIcon() — Selección de icono representativo código 63 (lluvia moderada) → icono 🌧️","invocations":1,"location":null,"numPassingAsserts":1,"retryReasons":[],"startAt":1782315425882,"status":"passed","title":"código 63 (lluvia moderada) → icono 🌧️"},{"ancestorTitles":["getWeatherIcon() — Selección de icono representativo"],"duration":0,"failing":false,"failureDetails":[],"failureMessages":[],"fullName":"getWeatherIcon() — Selección de icono representativo código 75 (nevada intensa) → icono ❄️","invocations":1,"location":null,"numPassingAsserts":1,"retryReasons":[],"startAt":1782315425882,"status":"passed","title":"código 75 (nevada intensa) → icono ❄️"},{"ancestorTitles":["getWeatherIcon() — Selección de icono representativo"],"duration":0,"failing":false,"failureDetails":[],"failureMessages":[],"fullName":"getWeatherIcon() — Selección de icono representativo código 95 (tormenta) → icono ⛈️","invocations":1,"location":null,"numPassingAsserts":1,"retryReasons":[],"startAt":1782315425882,"status":"passed","title":"código 95 (tormenta) → icono ⛈️"},{"ancestorTitles":["getWeatherIcon() — Selección de icono representativo"],"duration":0,"failing":false,"failureDetails":[],"failureMessages":[],"fullName":"getWeatherIcon() — Selección de icono representativo código 45 (niebla) → icono 🌫️","invocations":1,"location":null,"numPassingAsserts":1,"retryReasons":[],"startAt":1782315425882,"status":"passed","title":"código 45 (niebla) → icono 🌫️"},{"ancestorTitles":["getWeatherIcon() — Selección de icono representativo"],"duration":0,"failing":false,"failureDetails":[],"failureMessages":[],"fullName":"getWeatherIcon() — Selección de icono representativo código desconocido → icono fallback 🌡️","invocations":1,"location":null,"numPassingAsserts":1,"retryReasons":[],"startAt":1782315425882,"status":"passed","title":"código desconocido → icono fallback 🌡️"}],"endTime":1782315425883,"message":"","name":"/Users/leidyspimentel/AI-Builder/weather-dashboard/__tests__/utils/weatherTheme.test.js","startTime":1782315425860,"status":"passed","summary":""}],"wasInterrupted":false}
